<?xml version="1.0" encoding="UTF-8"?>
<!-- Generated by org.testng.reporters.JUnitXMLReporter -->
<testsuite ignored="0" hostname="PERU-METO" failures="1" tests="1" name="Default test" time="23.791" errors="0" timestamp="2023-04-17T11:02:54 COT">
  <testcase classname="org.meto.appium.tests.TFSignature" name="FillSignature" time="23.682">
    <failure type="org.openqa.selenium.NoSuchElementException" message="An element could not be located on the page using the given search parameters.
For documentation on this error, please visit: https://selenium.dev/exceptions/#no_such_element
Build info: version: &amp;apos;4.8.3&amp;apos;, revision: &amp;apos;e5e76298c3&amp;apos;
System info: os.name: &amp;apos;Windows 11&amp;apos;, os.arch: &amp;apos;amd64&amp;apos;, os.version: &amp;apos;10.0&amp;apos;, java.version: &amp;apos;11.0.17&amp;apos;
Driver info: io.appium.java_client.android.AndroidDriver
Command: [20fbd96a-182c-42da-a8cf-d97b27dcae71, findElement {using=-android uiautomator, value=new UiScrollable(new UiSelector().resourceId(&amp;quot;pe.com.surgir.surgirapp:id/primaryScroll&amp;quot;)).scrollIntoView(new UiSelector().textMatches(&amp;quot;Uso de datos personales&amp;quot;).instance(0))}]
Capabilities {appium:app: C:\code\AppiumFrameworkSurg..., appium:appPackage: pe.com.surgir.surgirapp, appium:appWaitActivity: .ui.login.LoginActivity,.ui..., appium:automationName: UIAutomator2, appium:chromedriverExecutable: C:\code\AppiumFrameworkSurg..., appium:databaseEnabled: false, appium:desired: {app: C:\code\AppiumFrameworkSurg..., appWaitActivity: .ui.login.LoginActivity,.ui..., automationName: UIAutomator2, chromedriverExecutable: C:\code\AppiumFrameworkSurg..., deviceName: samsung SM-T395, ignoreHiddenApiPolicyError: true, platformName: android, udid: 5200fa184e619579}, appium:deviceApiLevel: 28, appium:deviceManufacturer: samsung, appium:deviceModel: SM-T395, appium:deviceName: 5200fa184e619579, appium:deviceScreenDensity: 213, appium:deviceScreenSize: 800x1280, appium:deviceUDID: 5200fa184e619579, appium:ignoreHiddenApiPolicyError: true, appium:javascriptEnabled: true, appium:locationContextEnabled: false, appium:networkConnectionEnabled: true, appium:pixelRatio: 1.3312501, appium:platformVersion: 9, appium:statBarHeight: 32, appium:takesScreenshot: true, appium:udid: 5200fa184e619579, appium:viewportRect: {height: 1248, left: 0, top: 32, width: 800}, appium:warnings: {}, appium:webStorageEnabled: false, platformName: ANDROID}
Session ID: 20fbd96a-182c-42da-a8cf-d97b27dcae71">
      <![CDATA[org.openqa.selenium.NoSuchElementException: An element could not be located on the page using the given search parameters.
For documentation on this error, please visit: https://selenium.dev/exceptions/#no_such_element
Build info: version: '4.8.3', revision: 'e5e76298c3'
System info: os.name: 'Windows 11', os.arch: 'amd64', os.version: '10.0', java.version: '11.0.17'
Driver info: io.appium.java_client.android.AndroidDriver
Command: [20fbd96a-182c-42da-a8cf-d97b27dcae71, findElement {using=-android uiautomator, value=new UiScrollable(new UiSelector().resourceId("pe.com.surgir.surgirapp:id/primaryScroll")).scrollIntoView(new UiSelector().textMatches("Uso de datos personales").instance(0))}]
Capabilities {appium:app: C:\code\AppiumFrameworkSurg..., appium:appPackage: pe.com.surgir.surgirapp, appium:appWaitActivity: .ui.login.LoginActivity,.ui..., appium:automationName: UIAutomator2, appium:chromedriverExecutable: C:\code\AppiumFrameworkSurg..., appium:databaseEnabled: false, appium:desired: {app: C:\code\AppiumFrameworkSurg..., appWaitActivity: .ui.login.LoginActivity,.ui..., automationName: UIAutomator2, chromedriverExecutable: C:\code\AppiumFrameworkSurg..., deviceName: samsung SM-T395, ignoreHiddenApiPolicyError: true, platformName: android, udid: 5200fa184e619579}, appium:deviceApiLevel: 28, appium:deviceManufacturer: samsung, appium:deviceModel: SM-T395, appium:deviceName: 5200fa184e619579, appium:deviceScreenDensity: 213, appium:deviceScreenSize: 800x1280, appium:deviceUDID: 5200fa184e619579, appium:ignoreHiddenApiPolicyError: true, appium:javascriptEnabled: true, appium:locationContextEnabled: false, appium:networkConnectionEnabled: true, appium:pixelRatio: 1.3312501, appium:platformVersion: 9, appium:statBarHeight: 32, appium:takesScreenshot: true, appium:udid: 5200fa184e619579, appium:viewportRect: {height: 1248, left: 0, top: 32, width: 800}, appium:warnings: {}, appium:webStorageEnabled: false, platformName: ANDROID}
Session ID: 20fbd96a-182c-42da-a8cf-d97b27dcae71
at java.base/jdk.internal.reflect.NativeConstructorAccessorImpl.newInstance0(Native Method)
at java.base/jdk.internal.reflect.NativeConstructorAccessorImpl.newInstance(NativeConstructorAccessorImpl.java:62)
at java.base/jdk.internal.reflect.DelegatingConstructorAccessorImpl.newInstance(DelegatingConstructorAccessorImpl.java:45)
at java.base/java.lang.reflect.Constructor.newInstance(Constructor.java:490)
at org.openqa.selenium.remote.codec.w3c.W3CHttpResponseCodec.createException(W3CHttpResponseCodec.java:200)
at org.openqa.selenium.remote.codec.w3c.W3CHttpResponseCodec.decode(W3CHttpResponseCodec.java:133)
at org.openqa.selenium.remote.codec.w3c.W3CHttpResponseCodec.decode(W3CHttpResponseCodec.java:53)
at org.openqa.selenium.remote.HttpCommandExecutor.execute(HttpCommandExecutor.java:193)
at io.appium.java_client.remote.AppiumCommandExecutor.execute(AppiumCommandExecutor.java:262)
at org.openqa.selenium.remote.RemoteWebDriver.execute(RemoteWebDriver.java:543)
at org.openqa.selenium.remote.ElementLocation$ElementFinder$2.findElement(ElementLocation.java:162)
at org.openqa.selenium.remote.ElementLocation.findElement(ElementLocation.java:66)
at org.openqa.selenium.remote.RemoteWebDriver.findElement(RemoteWebDriver.java:352)
at org.openqa.selenium.remote.RemoteWebDriver.findElement(RemoteWebDriver.java:344)
at org.meto.appium.utils.AndroidActions.scrollToPageSignature(AndroidActions.java:103)
at org.meto.appium.tests.TFSignature.FillSignature(TFSignature.java:47)
at java.base/jdk.internal.reflect.NativeMethodAccessorImpl.invoke0(Native Method)
at java.base/jdk.internal.reflect.NativeMethodAccessorImpl.invoke(NativeMethodAccessorImpl.java:62)
at java.base/jdk.internal.reflect.DelegatingMethodAccessorImpl.invoke(DelegatingMethodAccessorImpl.java:43)
at java.base/java.lang.reflect.Method.invoke(Method.java:566)
at org.testng.internal.invokers.MethodInvocationHelper.invokeMethod(MethodInvocationHelper.java:139)
at org.testng.internal.invokers.TestInvoker.invokeMethod(TestInvoker.java:677)
at org.testng.internal.invokers.TestInvoker.invokeTestMethod(TestInvoker.java:221)
at org.testng.internal.invokers.MethodRunner.runInSequence(MethodRunner.java:50)
at org.testng.internal.invokers.TestInvoker$MethodInvocationAgent.invoke(TestInvoker.java:969)
at org.testng.internal.invokers.TestInvoker.invokeTestMethods(TestInvoker.java:194)
at org.testng.internal.invokers.TestMethodWorker.invokeTestMethods(TestMethodWorker.java:148)
at org.testng.internal.invokers.TestMethodWorker.run(TestMethodWorker.java:128)
at java.base/java.util.ArrayList.forEach(ArrayList.java:1541)
at org.testng.TestRunner.privateRun(TestRunner.java:829)
at org.testng.TestRunner.run(TestRunner.java:602)
at org.testng.SuiteRunner.runTest(SuiteRunner.java:437)
at org.testng.SuiteRunner.runSequentially(SuiteRunner.java:431)
at org.testng.SuiteRunner.privateRun(SuiteRunner.java:391)
at org.testng.SuiteRunner.run(SuiteRunner.java:330)
at org.testng.SuiteRunnerWorker.runSuite(SuiteRunnerWorker.java:52)
at org.testng.SuiteRunnerWorker.run(SuiteRunnerWorker.java:95)
at org.testng.TestNG.runSuitesSequentially(TestNG.java:1256)
at org.testng.TestNG.runSuitesLocally(TestNG.java:1176)
at org.testng.TestNG.runSuites(TestNG.java:1099)
at org.testng.TestNG.run(TestNG.java:1067)
at org.testng.remote.AbstractRemoteTestNG.run(AbstractRemoteTestNG.java:115)
at org.testng.remote.RemoteTestNG.initAndRun(RemoteTestNG.java:251)
at org.testng.remote.RemoteTestNG.main(RemoteTestNG.java:77)
]]>
    </failure>
  </testcase> <!-- FillSignature -->
</testsuite> <!-- Default test -->
